Using pre-set license
Built from '2020.3/staging' branch; Version is '2020.3.0f1 (c7b5465681fb) revision 13088070'; Using compiler version '192528614'; Build Type 'Release'
OS: 'Windows 10 Pro; OS build 19041.1415; Version 2004; 64bit' Language: 'ru' Physical Memory: 16332 MB
BatchMode: 1, IsHumanControllingUs: 0, StartBugReporterOnCrash: 0, Is64bit: 1, IsPro: 0

 COMMAND LINE ARGUMENTS:
C:\Program Files\Unity\Hub\Editor\2020.3.0f1\Editor\Unity.exe
-adb2
-batchMode
-noUpm
-name
AssetImportWorker0
-projectPath
D:/projects/Mikhail Baltin/Killing the king
-logFile
Logs/AssetImportWorker0.log
-srvPort
52265
Successfully changed project path to: D:/projects/Mikhail Baltin/Killing the king
D:/projects/Mikhail Baltin/Killing the king
Using Asset Import Pipeline V2.
Refreshing native plugins compatible for Editor in 31.54 ms, found 1 plugins.
Preloading 0 native plugins for Editor in 0.00 ms.
Initialize engine version: 2020.3.0f1 (c7b5465681fb)
[Subsystems] Discovering subsystems at path C:/Program Files/Unity/Hub/Editor/2020.3.0f1/Editor/Data/Resources/UnitySubsystems
[Subsystems] Discovering subsystems at path D:/projects/Mikhail Baltin/Killing the king/Assets
GfxDevice: creating device client; threaded=0
Direct3D:
    Version:  Direct3D 11.0 [level 11.1]
    Renderer: NVIDIA GeForce GTX 1660 Ti (ID=0x2182)
    Vendor:   
    VRAM:     5991 MB
    Driver:   27.21.14.6611
Initialize mono
Mono path[0] = 'C:/Program Files/Unity/Hub/Editor/2020.3.0f1/Editor/Data/Managed'
Mono path[1] = 'C:/Program Files/Unity/Hub/Editor/2020.3.0f1/Editor/Data/MonoBleedingEdge/lib/mono/unityjit'
Mono config path = 'C:/Program Files/Unity/Hub/Editor/2020.3.0f1/Editor/Data/MonoBleedingEdge/etc'
Using monoOptions --debugger-agent=transport=dt_socket,embedding=1,server=y,suspend=n,address=127.0.0.1:56868
Begin MonoManager ReloadAssembly
Registering precompiled unity dll's ...
Register platform support module: C:/Program Files/Unity/Hub/Editor/2020.3.0f1/Editor/Data/PlaybackEngines/WindowsStandaloneSupport/UnityEditor.WindowsStandalone.Extensions.dll
Registered in 0.001306 seconds.
Native extension for WindowsStandalone target not found
Refreshing native plugins compatible for Editor in 30.37 ms, found 1 plugins.
Preloading 0 native plugins for Editor in 0.00 ms.
Invoked RoslynAnalysisRunner static constructor.
RoslynAnalysisRunner will not be running.
RoslynAnalysisRunner has terminated.
Mono: successfully reloaded assembly
- Completed reload, in  1.336 seconds
Platform modules already initialized, skipping
Registering precompiled user dll's ...
Registered in 0.000495 seconds.
Begin MonoManager ReloadAssembly
Native extension for WindowsStandalone target not found
Refreshing native plugins compatible for Editor in 30.73 ms, found 1 plugins.
Preloading 0 native plugins for Editor in 0.00 ms.
Invoked RoslynAnalysisRunner static constructor.
RoslynAnalysisRunner will not be running.
RoslynAnalysisRunner has terminated.
Mono: successfully reloaded assembly
- Completed reload, in  0.719 seconds
Platform modules already initialized, skipping
========================================================================
Worker process is ready to serve import requests
Launched and connected shader compiler UnityShaderCompiler.exe after 0.03 seconds
Refreshing native plugins compatible for Editor in 0.40 ms, found 1 plugins.
Preloading 0 native plugins for Editor in 0.00 ms.
Unloading 1905 Unused Serialized files (Serialized files now loaded: 0)
System memory in use before: 87.2 MB.
System memory in use after: 87.3 MB.

Unloading 32 unused Assets to reduce memory usage. Loaded Objects now: 2339.
Total: 3.426100 ms (FindLiveObjects: 0.312000 ms CreateObjectMapping: 0.162000 ms MarkObjects: 2.859800 ms  DeleteObjects: 0.090600 ms)

========================================================================
Received Import Request.
  path: Assets/Scenes
  artifactKey: Guid(bbbc74fad6ed1d243aee6102298f428b) Importer(815301076,1909f56bfc062723c751e8b465ee728b)
Start importing Assets/Scenes using Guid(bbbc74fad6ed1d243aee6102298f428b) Importer(815301076,1909f56bfc062723c751e8b465ee728b)  -> (artifact id: '54c036aa0cb03a59839fa3f0aeb644bc') in 0.006813 seconds
  Import took 0.009367 seconds .

========================================================================
Received Prepare
Registering precompiled user dll's ...
Registered in 0.000924 seconds.
Begin MonoManager ReloadAssembly
Native extension for WindowsStandalone target not found
Refreshing native plugins compatible for Editor in 38.53 ms, found 1 plugins.
Preloading 0 native plugins for Editor in 0.00 ms.
Invoked RoslynAnalysisRunner static constructor.
RoslynAnalysisRunner will not be running.
RoslynAnalysisRunner has terminated.
Mono: successfully reloaded assembly
- Completed reload, in  0.729 seconds
Platform modules already initialized, skipping
Shader 'TextMeshPro/Distance Field Overlay': fallback shader 'TextMeshPro/Mobile/Distance Field' not found
Shader 'TextMeshPro/Distance Field': fallback shader 'TextMeshPro/Mobile/Distance Field' not found
Refreshing native plugins compatible for Editor in 0.49 ms, found 1 plugins.
Preloading 0 native plugins for Editor in 0.00 ms.
Unloading 2643 Unused Serialized files (Serialized files now loaded: 0)
System memory in use before: 108.8 MB.
System memory in use after: 108.5 MB.

Unloading 31 unused Assets to reduce memory usage. Loaded Objects now: 3080.
Total: 7.368900 ms (FindLiveObjects: 0.715400 ms CreateObjectMapping: 0.463200 ms MarkObjects: 5.348500 ms  DeleteObjects: 0.838500 ms)

========================================================================
Received Prepare
Registering precompiled user dll's ...
Registered in 0.000628 seconds.
Begin MonoManager ReloadAssembly
Native extension for WindowsStandalone target not found
Refreshing native plugins compatible for Editor in 0.53 ms, found 1 plugins.
Preloading 0 native plugins for Editor in 0.00 ms.
Invoked RoslynAnalysisRunner static constructor.
RoslynAnalysisRunner will not be running.
RoslynAnalysisRunner has terminated.
Mono: successfully reloaded assembly
- Completed reload, in  0.692 seconds
Platform modules already initialized, skipping
Switching build target platform(5) subTarget(0) extendedPlatform(0) -> platform(13) subTarget(537395200) extendedPlatform(0)
Refreshing native plugins compatible for Editor in 0.51 ms, found 1 plugins.
Preloading 0 native plugins for Editor in 0.00 ms.
Unloading 2647 Unused Serialized files (Serialized files now loaded: 0)
System memory in use before: 108.9 MB.
System memory in use after: 108.6 MB.

Unloading 31 unused Assets to reduce memory usage. Loaded Objects now: 3084.
Total: 2.331200 ms (FindLiveObjects: 0.341100 ms CreateObjectMapping: 0.142600 ms MarkObjects: 1.592800 ms  DeleteObjects: 0.253200 ms)

AssetImportParameters requested are different than current active one (requested -> active):
  custom:graphics/normal-map-encoding: 01000000000000000000000000000000 -> 02000000000000000000000000000000
========================================================================
Received Prepare
Refreshing native plugins compatible for Editor in 2.80 ms, found 1 plugins.
Preloading 0 native plugins for Editor in 0.00 ms.
Unloading 29 Unused Serialized files (Serialized files now loaded: 0)
System memory in use before: 57.3 MB.
System memory in use after: 57.0 MB.

Unloading 29 unused Assets to reduce memory usage. Loaded Objects now: 3084.
Total: 2.085400 ms (FindLiveObjects: 0.323800 ms CreateObjectMapping: 0.131600 ms MarkObjects: 1.381700 ms  DeleteObjects: 0.247400 ms)

========================================================================
Received Import Request.
  Time since last request: 467.928181 seconds.
  path: Assets/FungusExamples/Playground/Prefabs/Bouncy.physicsMaterial2D
  artifactKey: Guid(5a05bfcb10e8c0e4da63ebcc23179ef4) Importer(815301076,1909f56bfc062723c751e8b465ee728b)
Start importing Assets/FungusExamples/Playground/Prefabs/Bouncy.physicsMaterial2D using Guid(5a05bfcb10e8c0e4da63ebcc23179ef4) Importer(815301076,1909f56bfc062723c751e8b465ee728b)  -> (artifact id: 'ed560dad121cdfdffdab46208a510366') in 0.020657 seconds
  Import took 0.024623 seconds .

========================================================================
Received Import Request.
  Time since last request: 0.000227 seconds.
  path: Assets/FungusExamples/Playground/Prefabs/LeftGoal.prefab
  artifactKey: Guid(9fcc19129e8193e4b881c1bdc4b9814d) Importer(815301076,1909f56bfc062723c751e8b465ee728b)
Start importing Assets/FungusExamples/Playground/Prefabs/LeftGoal.prefab using Guid(9fcc19129e8193e4b881c1bdc4b9814d) Importer(815301076,1909f56bfc062723c751e8b465ee728b)  -> (artifact id: '0915b50e5285112c0e8cd05f022906a2') in 0.073909 seconds
  Import took 0.076901 seconds .

========================================================================
Received Import Request.
  Time since last request: 0.000200 seconds.
  path: Assets/FungusExamples/Playground/Prefabs/EnemyDieParticle.prefab
  artifactKey: Guid(e984fd5d6e5532849888a6e97dde6888) Importer(815301076,1909f56bfc062723c751e8b465ee728b)
Start importing Assets/FungusExamples/Playground/Prefabs/EnemyDieParticle.prefab using Guid(e984fd5d6e5532849888a6e97dde6888) Importer(815301076,1909f56bfc062723c751e8b465ee728b)  -> (artifact id: '845e194c9214134fca9cabba27a11f6c') in 0.007110 seconds
  Import took 0.010170 seconds .

========================================================================
Received Import Request.
  Time since last request: 0.000200 seconds.
  path: Assets/FungusExamples/Playground/Prefabs/Laser.prefab
  artifactKey: Guid(a63bb7c0f4cb0df429c8364816dc7b20) Importer(815301076,1909f56bfc062723c751e8b465ee728b)
Start importing Assets/FungusExamples/Playground/Prefabs/Laser.prefab using Guid(a63bb7c0f4cb0df429c8364816dc7b20) Importer(815301076,1909f56bfc062723c751e8b465ee728b)  -> (artifact id: '88f41c85dc069b3d5a3ad6d9e895091f') in 0.008362 seconds
  Import took 0.012054 seconds .

========================================================================
Received Import Request.
  Time since last request: 0.000179 seconds.
  path: Assets/FungusExamples/Playground/Prefabs/P1.prefab
  artifactKey: Guid(4ecd3eccefa01ca4da38d03c8e7c2a8d) Importer(815301076,1909f56bfc062723c751e8b465ee728b)
Start importing Assets/FungusExamples/Playground/Prefabs/P1.prefab using Guid(4ecd3eccefa01ca4da38d03c8e7c2a8d) Importer(815301076,1909f56bfc062723c751e8b465ee728b)  -> (artifact id: '5b598ddde2bce5cf80a7f62c11b95254') in 0.017990 seconds
  Import took 0.021522 seconds .

========================================================================
Received Import Request.
  Time since last request: 0.000278 seconds.
  path: Assets/FungusExamples/Playground/Prefabs/Spawner.prefab
  artifactKey: Guid(5192b1b391d8cd54f84d39d06a4a3dc8) Importer(815301076,1909f56bfc062723c751e8b465ee728b)
Start importing Assets/FungusExamples/Playground/Prefabs/Spawner.prefab using Guid(5192b1b391d8cd54f84d39d06a4a3dc8) Importer(815301076,1909f56bfc062723c751e8b465ee728b)  -> (artifact id: '575e0bcf44a0e83c973050423d88b0a7') in 0.012115 seconds
  Import took 0.016032 seconds .

========================================================================
Received Import Request.
  Time since last request: 0.000207 seconds.
  path: Assets/FungusExamples/Playground/Prefabs/Cannon.prefab
  artifactKey: Guid(5db9b59ebaddb664eac17f8dd52f454a) Importer(815301076,1909f56bfc062723c751e8b465ee728b)
Start importing Assets/FungusExamples/Playground/Prefabs/Cannon.prefab using Guid(5db9b59ebaddb664eac17f8dd52f454a) Importer(815301076,1909f56bfc062723c751e8b465ee728b)  -> (artifact id: 'a26e83f27a3e1a8b70a20c0bba98d456') in 0.028539 seconds
  Import took 0.031990 seconds .

========================================================================
Received Import Request.
  Time since last request: 0.000191 seconds.
  path: Assets/FungusExamples/Playground/Prefabs/Enemy.prefab
  artifactKey: Guid(cf9a0515785714a49b2d12090c78828f) Importer(815301076,1909f56bfc062723c751e8b465ee728b)
Start importing Assets/FungusExamples/Playground/Prefabs/Enemy.prefab using Guid(cf9a0515785714a49b2d12090c78828f) Importer(815301076,1909f56bfc062723c751e8b465ee728b)  -> (artifact id: '479bf6ba5dd3c356b717d69701ae0daf') in 0.008315 seconds
  Import took 0.011434 seconds .

========================================================================
Received Import Request.
  Time since last request: 0.797261 seconds.
  path: Assets/FungusExamples/Playground/Sprites/Circle.png
  artifactKey: Guid(6f62c397230d6d845b87a8e53d67c0e1) Importer(815301076,1909f56bfc062723c751e8b465ee728b)
Start importing Assets/FungusExamples/Playground/Sprites/Circle.png using Guid(6f62c397230d6d845b87a8e53d67c0e1) Importer(815301076,1909f56bfc062723c751e8b465ee728b)  -> (artifact id: 'f976bc3ca25c6651488354ea7abec704') in 0.027473 seconds
  Import took 0.031455 seconds .

========================================================================
Received Import Request.
  Time since last request: 0.000234 seconds.
  path: Assets/FungusExamples/Playground/Sprites/Square.png
  artifactKey: Guid(3cb7c35a750699348a04840d1ae1be5e) Importer(815301076,1909f56bfc062723c751e8b465ee728b)
Start importing Assets/FungusExamples/Playground/Sprites/Square.png using Guid(3cb7c35a750699348a04840d1ae1be5e) Importer(815301076,1909f56bfc062723c751e8b465ee728b)  -> (artifact id: 'd3bee133eb40665833428221026aa682') in 0.008989 seconds
  Import took 0.011952 seconds .

========================================================================
Received Import Request.
  Time since last request: 0.000216 seconds.
  path: Assets/FungusExamples/Playground/Sprites/Hexagon.png
  artifactKey: Guid(d77e6458673a5ff4080857204d985f54) Importer(815301076,1909f56bfc062723c751e8b465ee728b)
Start importing Assets/FungusExamples/Playground/Sprites/Hexagon.png using Guid(d77e6458673a5ff4080857204d985f54) Importer(815301076,1909f56bfc062723c751e8b465ee728b)  -> (artifact id: 'a287e7f3acabfaa5513343d743d21bb9') in 0.009887 seconds
  Import took 0.012899 seconds .

========================================================================
Received Import Request.
  Time since last request: 0.000234 seconds.
  path: Assets/FungusExamples/Playground/Sprites/Triangle.png
  artifactKey: Guid(946c61cb65f78df4394947a1ff1fce91) Importer(815301076,1909f56bfc062723c751e8b465ee728b)
Start importing Assets/FungusExamples/Playground/Sprites/Triangle.png using Guid(946c61cb65f78df4394947a1ff1fce91) Importer(815301076,1909f56bfc062723c751e8b465ee728b)  -> (artifact id: '690ec243bb313d0aee8560f19be0d2ed') in 0.009428 seconds
  Import took 0.012565 seconds .

========================================================================
Received Import Request.
  Time since last request: 381.011454 seconds.
  path: Assets/FungusExamples/FirstPerson/FirstPersonDemo.unity
  artifactKey: Guid(f52a982060cbf1342bcd0c3da0aa9083) Importer(815301076,1909f56bfc062723c751e8b465ee728b)
Start importing Assets/FungusExamples/FirstPerson/FirstPersonDemo.unity using Guid(f52a982060cbf1342bcd0c3da0aa9083) Importer(815301076,1909f56bfc062723c751e8b465ee728b)  -> (artifact id: 'eb53b3c2dc05a9a139145b96224270ec') in 0.005218 seconds
  Import took 0.008900 seconds .

========================================================================
Received Import Request.
  Time since last request: 3.454740 seconds.
  path: Assets/FungusExamples/FirstPerson/Scripts
  artifactKey: Guid(4969a2c16bc4cd741806b17be3aa1f8c) Importer(815301076,1909f56bfc062723c751e8b465ee728b)
Start importing Assets/FungusExamples/FirstPerson/Scripts using Guid(4969a2c16bc4cd741806b17be3aa1f8c) Importer(815301076,1909f56bfc062723c751e8b465ee728b)  -> (artifact id: '906b2e92cae9989ff0903668d9c2acbc') in 0.004702 seconds
  Import took 0.008707 seconds .

========================================================================
Received Import Request.
  Time since last request: 3.823764 seconds.
  path: Assets/FungusExamples/FungusLua/Bindings/TestSprite.prefab
  artifactKey: Guid(78100db42249d407787823d1e5719214) Importer(815301076,1909f56bfc062723c751e8b465ee728b)
Start importing Assets/FungusExamples/FungusLua/Bindings/TestSprite.prefab using Guid(78100db42249d407787823d1e5719214) Importer(815301076,1909f56bfc062723c751e8b465ee728b)  -> (artifact id: '770fcc47cd34804263eecad4a3eed57a') in 0.009471 seconds
  Import took 0.013503 seconds .

========================================================================
Received Import Request.
  Time since last request: 67.800149 seconds.
  path: Assets/Fungus/EditorResources/Icons/add.png
  artifactKey: Guid(24a867d6b4cdda04cb3aa3350f9ec7d0) Importer(815301076,1909f56bfc062723c751e8b465ee728b)
Start importing Assets/Fungus/EditorResources/Icons/add.png using Guid(24a867d6b4cdda04cb3aa3350f9ec7d0) Importer(815301076,1909f56bfc062723c751e8b465ee728b)  -> (artifact id: '78761837e42bed890be89a995a86acf3') in 0.007830 seconds
  Import took 0.012146 seconds .

========================================================================
Received Import Request.
  Time since last request: 0.000313 seconds.
  path: Assets/FungusExamples/Sherlock/Portraits/John/angry.png
  artifactKey: Guid(061fcd6caac25954287291fffde7cd2c) Importer(815301076,1909f56bfc062723c751e8b465ee728b)
Start importing Assets/FungusExamples/Sherlock/Portraits/John/angry.png using Guid(061fcd6caac25954287291fffde7cd2c) Importer(815301076,1909f56bfc062723c751e8b465ee728b)  -> (artifact id: '9f6ce3b94fcbdf878b616e7ce4dd1d57') in 0.022995 seconds
  Import took 0.027175 seconds .

========================================================================
Received Import Request.
  Time since last request: 0.000218 seconds.
  path: Assets/Fungus/EditorResources/Icons/Pro/add_small.png
  artifactKey: Guid(64534dfaa17844231a9a9dd2df89d0db) Importer(815301076,1909f56bfc062723c751e8b465ee728b)
Start importing Assets/Fungus/EditorResources/Icons/Pro/add_small.png using Guid(64534dfaa17844231a9a9dd2df89d0db) Importer(815301076,1909f56bfc062723c751e8b465ee728b)  -> (artifact id: 'cc6c2362de22b1f48287062baff92fdc') in 0.007029 seconds
  Import took 0.010901 seconds .

========================================================================
Received Import Request.
  Time since last request: 0.000175 seconds.
  path: Assets/FungusExamples/Sherlock/Images/background.png
  artifactKey: Guid(11c1465344d894bf0b62fe226620a7ab) Importer(815301076,1909f56bfc062723c751e8b465ee728b)
Start importing Assets/FungusExamples/Sherlock/Images/background.png using Guid(11c1465344d894bf0b62fe226620a7ab) Importer(815301076,1909f56bfc062723c751e8b465ee728b)  -> (artifact id: 'cac94ca21a3326164ce52cad7902f0ad') in 0.040012 seconds
  Import took 0.043118 seconds .

========================================================================
Received Import Request.
  Time since last request: 0.000216 seconds.
  path: Assets/FungusExamples/Sherlock/Portraits/John/annoyed.png
  artifactKey: Guid(e8a9122c4dc10b14da3b625e1f2634c9) Importer(815301076,1909f56bfc062723c751e8b465ee728b)
Start importing Assets/FungusExamples/Sherlock/Portraits/John/annoyed.png using Guid(e8a9122c4dc10b14da3b625e1f2634c9) Importer(815301076,1909f56bfc062723c751e8b465ee728b)  -> (artifact id: 'e95f78a4a85a322fa4d04c399517492e') in 0.012541 seconds
  Import took 0.015800 seconds .

========================================================================
Received Import Request.
  Time since last request: 0.000208 seconds.
  path: Assets/Fungus/EditorResources/Textures/bullet_point.png
  artifactKey: Guid(4ef739c68bb234717a60a2bb83ff8602) Importer(815301076,1909f56bfc062723c751e8b465ee728b)
Start importing Assets/Fungus/EditorResources/Textures/bullet_point.png using Guid(4ef739c68bb234717a60a2bb83ff8602) Importer(815301076,1909f56bfc062723c751e8b465ee728b)  -> (artifact id: '3084d60b06d4dc1b8b9c9effa57ddab5') in 0.006068 seconds
  Import took 0.009137 seconds .

========================================================================
Received Import Request.
  Time since last request: 0.000210 seconds.
  path: Assets/Fungus/Resources/Sprites/Background.png
  artifactKey: Guid(78bc8db714c3749cc8bd8c0b7e525b85) Importer(815301076,1909f56bfc062723c751e8b465ee728b)
Start importing Assets/Fungus/Resources/Sprites/Background.png using Guid(78bc8db714c3749cc8bd8c0b7e525b85) Importer(815301076,1909f56bfc062723c751e8b465ee728b)  -> (artifact id: '619ac527c102fcbdecbe3fd1aa6bda59') in 0.015711 seconds
  Import took 0.018839 seconds .

========================================================================
Received Import Request.
  Time since last request: 0.000208 seconds.
  path: Assets/Fungus/EditorResources/Icons/add_small.png
  artifactKey: Guid(288aff1a0e5c14fd3a0039d24149df73) Importer(815301076,1909f56bfc062723c751e8b465ee728b)
Start importing Assets/Fungus/EditorResources/Icons/add_small.png using Guid(288aff1a0e5c14fd3a0039d24149df73) Importer(815301076,1909f56bfc062723c751e8b465ee728b)  -> (artifact id: '8bc9f8278be61e64d4727b24ae91a5a7') in 0.005897 seconds
  Import took 0.009286 seconds .

========================================================================
Received Import Request.
  Time since last request: 0.000207 seconds.
  path: Assets/FungusExamples/Sherlock/Portraits/Sherlock/calling-neutral.png
  artifactKey: Guid(0815f9b817b27b7499559c635a844bf0) Importer(815301076,1909f56bfc062723c751e8b465ee728b)
Start importing Assets/FungusExamples/Sherlock/Portraits/Sherlock/calling-neutral.png using Guid(0815f9b817b27b7499559c635a844bf0) Importer(815301076,1909f56bfc062723c751e8b465ee728b)  -> (artifact id: '6bc11194f143f6f1ead7a12a219bf8cb') in 0.011260 seconds
  Import took 0.014551 seconds .

========================================================================
Received Import Request.
  Time since last request: 0.000186 seconds.
  path: Assets/FungusExamples/TheHunter/Sprites/Bear.png
  artifactKey: Guid(1844620fa148d4dc89443ca7b33205e1) Importer(815301076,1909f56bfc062723c751e8b465ee728b)
Start importing Assets/FungusExamples/TheHunter/Sprites/Bear.png using Guid(1844620fa148d4dc89443ca7b33205e1) Importer(815301076,1909f56bfc062723c751e8b465ee728b)  -> (artifact id: '9a40f8a3de8504d0552c08a786d58729') in 0.012402 seconds
  Import took 0.016022 seconds .

========================================================================
Received Import Request.
  Time since last request: 0.000217 seconds.
  path: Assets/FungusExamples/Sherlock/Portraits/John/apologetic.png
  artifactKey: Guid(016de568d0fe25e45bc32a6c01c0e456) Importer(815301076,1909f56bfc062723c751e8b465ee728b)
Start importing Assets/FungusExamples/Sherlock/Portraits/John/apologetic.png using Guid(016de568d0fe25e45bc32a6c01c0e456) Importer(815301076,1909f56bfc062723c751e8b465ee728b)  -> (artifact id: '1d13c35b0560e43c7ef464b273cd1752') in 0.011859 seconds
  Import took 0.015002 seconds .

========================================================================
Received Import Request.
  Time since last request: 0.000220 seconds.
  path: Assets/FungusExamples/FirstPerson/Visuals/Google Poly/Door/CHAHIN_DOOR_TEXTURE.jpg
  artifactKey: Guid(fa16e291d622d594da4db175836500ec) Importer(815301076,1909f56bfc062723c751e8b465ee728b)
Start importing Assets/FungusExamples/FirstPerson/Visuals/Google Poly/Door/CHAHIN_DOOR_TEXTURE.jpg using Guid(fa16e291d622d594da4db175836500ec) Importer(815301076,1909f56bfc062723c751e8b465ee728b)  -> (artifact id: '0910132123762144149ffd86f0c7fc8f') in 0.009803 seconds
  Import took 0.013219 seconds .

========================================================================
Received Import Request.
  Time since last request: 0.000239 seconds.
  path: Assets/Fungus/EditorResources/Icons/Pro/add.png
  artifactKey: Guid(4e43c476b4a7a49a08c37378fb01ce99) Importer(815301076,1909f56bfc062723c751e8b465ee728b)
Start importing Assets/Fungus/EditorResources/Icons/Pro/add.png using Guid(4e43c476b4a7a49a08c37378fb01ce99) Importer(815301076,1909f56bfc062723c751e8b465ee728b)  -> (artifact id: '98e2ecec4978e7a7e9f8738c358a3e84') in 0.005161 seconds
  Import took 0.008552 seconds .

========================================================================
Received Import Request.
  Time since last request: 0.000221 seconds.
  path: Assets/FungusExamples/Sherlock/Portraits/Sherlock/annoyed.png
  artifactKey: Guid(65cda1e3dd1ec8c4bb828adc5bb06c7d) Importer(815301076,1909f56bfc062723c751e8b465ee728b)
Start importing Assets/FungusExamples/Sherlock/Portraits/Sherlock/annoyed.png using Guid(65cda1e3dd1ec8c4bb828adc5bb06c7d) Importer(815301076,1909f56bfc062723c751e8b465ee728b)  -> (artifact id: '4ab569e1f6d902427cf722a7dd13ff01') in 0.011490 seconds
  Import took 0.014574 seconds .

========================================================================
Received Import Request.
  Time since last request: 0.000209 seconds.
  path: Assets/Fungus/EditorResources/Textures/command_background.png
  artifactKey: Guid(a5c9a4271b3de4e4f86eff7f8a1bd768) Importer(815301076,1909f56bfc062723c751e8b465ee728b)
Start importing Assets/Fungus/EditorResources/Textures/command_background.png using Guid(a5c9a4271b3de4e4f86eff7f8a1bd768) Importer(815301076,1909f56bfc062723c751e8b465ee728b)  -> (artifact id: 'b0e2ac3ca6330c27954e6e939b31ab17') in 0.005872 seconds
  Import took 0.009470 seconds .

========================================================================
Received Import Request.
  Time since last request: 0.000290 seconds.
  path: Assets/FungusExamples/Sherlock/Portraits/John/calling-neutral.png
  artifactKey: Guid(38ccc1258813909498d806f622c3edb6) Importer(815301076,1909f56bfc062723c751e8b465ee728b)
Start importing Assets/FungusExamples/Sherlock/Portraits/John/calling-neutral.png using Guid(38ccc1258813909498d806f622c3edb6) Importer(815301076,1909f56bfc062723c751e8b465ee728b)  -> (artifact id: 'ba008e624cfb9ce26f84c1b7dee1c315') in 0.011728 seconds
  Import took 0.015253 seconds .

========================================================================
Received Import Request.
  Time since last request: 0.000203 seconds.
  path: Assets/FungusExamples/TheHunter/Sprites/BearHead.png
  artifactKey: Guid(62955e2782fd34c5ca3e78712625ae50) Importer(815301076,1909f56bfc062723c751e8b465ee728b)
Start importing Assets/FungusExamples/TheHunter/Sprites/BearHead.png using Guid(62955e2782fd34c5ca3e78712625ae50) Importer(815301076,1909f56bfc062723c751e8b465ee728b)  -> (artifact id: 'c6172dfd39cd59aef9bc684ad49815e0') in 0.011172 seconds
  Import took 0.014740 seconds .

========================================================================
Received Import Request.
  Time since last request: 0.000259 seconds.
  path: Assets/Fungus/EditorResources/Textures/choice_node_on.png
  artifactKey: Guid(cfc05494b71a0446182868aab5f7febf) Importer(815301076,1909f56bfc062723c751e8b465ee728b)
Start importing Assets/Fungus/EditorResources/Textures/choice_node_on.png using Guid(cfc05494b71a0446182868aab5f7febf) Importer(815301076,1909f56bfc062723c751e8b465ee728b)  -> (artifact id: '1d64146e24640e0f2e69e650b3fc5c0f') in 0.006930 seconds
  Import took 0.010182 seconds .

========================================================================
Received Import Request.
  Time since last request: 0.000128 seconds.
  path: Assets/Fungus/EditorResources/Textures/choice_node_off.png
  artifactKey: Guid(7b6fc04aac74540e39e9502da5312ce7) Importer(815301076,1909f56bfc062723c751e8b465ee728b)
Start importing Assets/Fungus/EditorResources/Textures/choice_node_off.png using Guid(7b6fc04aac74540e39e9502da5312ce7) Importer(815301076,1909f56bfc062723c751e8b465ee728b)  -> (artifact id: '172233855a9dc7a5098002d9ccf8b095') in 0.005990 seconds
  Import took 0.009504 seconds .

========================================================================
Received Import Request.
  Time since last request: 0.000232 seconds.
  path: Assets/FungusExamples/Sherlock/Portraits/Sherlock/bored.png
  artifactKey: Guid(84cdbfde1b7d4c24ab7071894480d5db) Importer(815301076,1909f56bfc062723c751e8b465ee728b)
Start importing Assets/FungusExamples/Sherlock/Portraits/Sherlock/bored.png using Guid(84cdbfde1b7d4c24ab7071894480d5db) Importer(815301076,1909f56bfc062723c751e8b465ee728b)  -> (artifact id: 'ed4245a358a76da68b7fcb2db7181c78') in 0.012089 seconds
  Import took 0.015809 seconds .

========================================================================
Received Import Request.
  Time since last request: 0.000178 seconds.
  path: Assets/FungusExamples/Sherlock/Portraits/Sherlock/angry.png
  artifactKey: Guid(8f5b5b110e73a414eb229eeead86200f) Importer(815301076,1909f56bfc062723c751e8b465ee728b)
Start importing Assets/FungusExamples/Sherlock/Portraits/Sherlock/angry.png using Guid(8f5b5b110e73a414eb229eeead86200f) Importer(815301076,1909f56bfc062723c751e8b465ee728b)  -> (artifact id: '9bdc8398c57cf80d11d773816d545c7b') in 0.013392 seconds
  Import took 0.016851 seconds .

========================================================================
Received Import Request.
  Time since last request: 0.000246 seconds.
  path: Assets/FungusExamples/Sherlock/Images/background.jpg
  artifactKey: Guid(0e9767bc88b404362852d1a4d5c0d103) Importer(815301076,1909f56bfc062723c751e8b465ee728b)
Start importing Assets/FungusExamples/Sherlock/Images/background.jpg using Guid(0e9767bc88b404362852d1a4d5c0d103) Importer(815301076,1909f56bfc062723c751e8b465ee728b)  -> (artifact id: '74f74a9e2ba22c5508f73d6ccd037e63') in 0.027051 seconds
  Import took 0.030579 seconds .

========================================================================
Received Import Request.
  Time since last request: 0.000218 seconds.
  path: Assets/FungusExamples/TheHunter/Sprites/Ciara.psd
  artifactKey: Guid(c784f0adc2ce544be915fc26a2b4b510) Importer(815301076,1909f56bfc062723c751e8b465ee728b)
Start importing Assets/FungusExamples/TheHunter/Sprites/Ciara.psd using Guid(c784f0adc2ce544be915fc26a2b4b510) Importer(815301076,1909f56bfc062723c751e8b465ee728b)  -> (artifact id: '487940aa44629ded7fb080ae310b163a') in 0.026783 seconds
  Import took 0.030580 seconds .

========================================================================
Received Import Request.
  Time since last request: 0.000220 seconds.
  path: Assets/FungusExamples/TheHunter/Sprites/CiaraHead.psd
  artifactKey: Guid(05ccd53483a554ca9b31f685fa76154a) Importer(815301076,1909f56bfc062723c751e8b465ee728b)
Start importing Assets/FungusExamples/TheHunter/Sprites/CiaraHead.psd using Guid(05ccd53483a554ca9b31f685fa76154a) Importer(815301076,1909f56bfc062723c751e8b465ee728b)  -> (artifact id: 'fdcc5c56c69b856ba9bed395d477a1ad') in 0.011113 seconds
  Import took 0.014489 seconds .

========================================================================
Received Import Request.
  Time since last request: 0.000221 seconds.
  path: Assets/FungusExamples/Sherlock/Images/Coffee Cup.png
  artifactKey: Guid(bcd5b5f11de95ec4ba92005e4a404502) Importer(815301076,1909f56bfc062723c751e8b465ee728b)
Start importing Assets/FungusExamples/Sherlock/Images/Coffee Cup.png using Guid(bcd5b5f11de95ec4ba92005e4a404502) Importer(815301076,1909f56bfc062723c751e8b465ee728b)  -> (artifact id: 'b44418653decbd5051ba26925da17121') in 0.010494 seconds
  Import took 0.013935 seconds .

========================================================================
Received Import Request.
  Time since last request: 0.000218 seconds.
  path: Assets/FungusExamples/Sherlock/Portraits/John/bored.png
  artifactKey: Guid(58bfb145092302e4083ef8a9e4eeb576) Importer(815301076,1909f56bfc062723c751e8b465ee728b)
Start importing Assets/FungusExamples/Sherlock/Portraits/John/bored.png using Guid(58bfb145092302e4083ef8a9e4eeb576) Importer(815301076,1909f56bfc062723c751e8b465ee728b)  -> (artifact id: '8e39c41e1ddfb7a5b1b594b2fe73aeb4') in 0.012206 seconds
  Import took 0.015509 seconds .

========================================================================
Received Import Request.
  Time since last request: 0.000230 seconds.
  path: Assets/FungusExamples/Sherlock/Portraits/Sherlock/concentrating.png
  artifactKey: Guid(bca405818493a4f4a8fb63a69294d19a) Importer(815301076,1909f56bfc062723c751e8b465ee728b)
Start importing Assets/FungusExamples/Sherlock/Portraits/Sherlock/concentrating.png using Guid(bca405818493a4f4a8fb63a69294d19a) Importer(815301076,1909f56bfc062723c751e8b465ee728b)  -> (artifact id: 'dc0afff50d7d80daaa795386852f762d') in 0.012448 seconds
  Import took 0.015596 seconds .

========================================================================
Received Import Request.
  Time since last request: 0.998378 seconds.
  path: Assets/FungusExamples/Sherlock/Portraits/John/concentrating.png
  artifactKey: Guid(d8b4be5652abe8a438eb34290ae8c163) Importer(815301076,1909f56bfc062723c751e8b465ee728b)
Start importing Assets/FungusExamples/Sherlock/Portraits/John/concentrating.png using Guid(d8b4be5652abe8a438eb34290ae8c163) Importer(815301076,1909f56bfc062723c751e8b465ee728b)  -> (artifact id: '6a73650b3d06de3c3cbc48541fd497ca') in 0.011014 seconds
  Import took 0.014775 seconds .

========================================================================
Received Import Request.
  Time since last request: 0.000220 seconds.
  path: Assets/FungusExamples/Sherlock/Portraits/Sherlock/coughing.png
  artifactKey: Guid(03f8d661d54a3a04797d21ab54424abb) Importer(815301076,1909f56bfc062723c751e8b465ee728b)
Start importing Assets/FungusExamples/Sherlock/Portraits/Sherlock/coughing.png using Guid(03f8d661d54a3a04797d21ab54424abb) Importer(815301076,1909f56bfc062723c751e8b465ee728b)  -> (artifact id: '2cabddd38b3b3e4c4037f34555eaa316') in 0.011517 seconds
  Import took 0.015035 seconds .

========================================================================
Received Import Request.
  Time since last request: 0.000278 seconds.
  path: Assets/FungusExamples/Sherlock/Portraits/John/confident.png
  artifactKey: Guid(03bc547cc0049594bae51f00903eedef) Importer(815301076,1909f56bfc062723c751e8b465ee728b)
Start importing Assets/FungusExamples/Sherlock/Portraits/John/confident.png using Guid(03bc547cc0049594bae51f00903eedef) Importer(815301076,1909f56bfc062723c751e8b465ee728b)  -> (artifact id: '10f73f2c5018d705c14b2af6c35cd817') in 0.012143 seconds
  Import took 0.015640 seconds .

========================================================================
Received Import Request.
  Time since last request: 0.000231 seconds.
  path: Assets/Fungus/EditorResources/Textures/connection_point.png
  artifactKey: Guid(f08a4c27d7efe4aa6a35348a4e8aec8f) Importer(815301076,1909f56bfc062723c751e8b465ee728b)
Start importing Assets/Fungus/EditorResources/Textures/connection_point.png using Guid(f08a4c27d7efe4aa6a35348a4e8aec8f) Importer(815301076,1909f56bfc062723c751e8b465ee728b)  -> (artifact id: 'd2860ab3608c6bb5a5b24bb351d27958') in 0.006088 seconds
  Import took 0.009544 seconds .

========================================================================
Received Import Request.
  Time since last request: 0.000213 seconds.
  path: Assets/Fungus/Textures/ContinueIcon.png
  artifactKey: Guid(226248ac6f184e448af731df91b91958) Importer(815301076,1909f56bfc062723c751e8b465ee728b)
Start importing Assets/Fungus/Textures/ContinueIcon.png using Guid(226248ac6f184e448af731df91b91958) Importer(815301076,1909f56bfc062723c751e8b465ee728b)  -> (artifact id: '2987915c5335802f9b32c99412e8f602') in 0.009426 seconds
  Import took 0.012975 seconds .

========================================================================
Received Import Request.
  Time since last request: 0.000224 seconds.
  path: Assets/FungusExamples/Sherlock/Portraits/John/confused.png
  artifactKey: Guid(059763178da334d408b6fa05fdea33c8) Importer(815301076,1909f56bfc062723c751e8b465ee728b)
Start importing Assets/FungusExamples/Sherlock/Portraits/John/confused.png using Guid(059763178da334d408b6fa05fdea33c8) Importer(815301076,1909f56bfc062723c751e8b465ee728b)  -> (artifact id: 'ac984824e652603c2b26bd9287812e7e') in 0.011899 seconds
  Import took 0.015638 seconds .

========================================================================
Received Import Request.
  Time since last request: 0.000198 seconds.
  path: Assets/Fungus/EditorResources/Icons/Pro/delete.png
  artifactKey: Guid(29c4d29b1678042a5b3516c732ccc507) Importer(815301076,1909f56bfc062723c751e8b465ee728b)
Start importing Assets/Fungus/EditorResources/Icons/Pro/delete.png using Guid(29c4d29b1678042a5b3516c732ccc507) Importer(815301076,1909f56bfc062723c751e8b465ee728b)  -> (artifact id: '1de689c83aa1f358112a3768c64f00c1') in 0.006044 seconds
  Import took 0.010076 seconds .

========================================================================
Received Import Request.
  Time since last request: 0.000253 seconds.
  path: Assets/Fungus/Textures/CreatedWith.psd
  artifactKey: Guid(7adcbbe62d6554d81affcab2c56ad5ac) Importer(815301076,1909f56bfc062723c751e8b465ee728b)
Start importing Assets/Fungus/Textures/CreatedWith.psd using Guid(7adcbbe62d6554d81affcab2c56ad5ac) Importer(815301076,1909f56bfc062723c751e8b465ee728b)  -> (artifact id: '09da6cdd33e008e24c3ad3eb8bab9be8') in 0.009419 seconds
  Import took 0.012810 seconds .

========================================================================
Received Import Request.
  Time since last request: 0.000213 seconds.
  path: Assets/Fungus/Textures/DialogBox.png
  artifactKey: Guid(eeb00f6cd27e9ef4d9174551b3342dec) Importer(815301076,1909f56bfc062723c751e8b465ee728b)
Start importing Assets/Fungus/Textures/DialogBox.png using Guid(eeb00f6cd27e9ef4d9174551b3342dec) Importer(815301076,1909f56bfc062723c751e8b465ee728b)  -> (artifact id: '4fbc56e37804d04f1d114e4abed7a4e6') in 0.008678 seconds
  Import took 0.011915 seconds .

========================================================================
Received Import Request.
  Time since last request: 0.000251 seconds.
  path: Assets/FungusExamples/TheHunter/Sprites/DeepForest.jpg
  artifactKey: Guid(d3b6d7e5887554602baab879da8171d7) Importer(815301076,1909f56bfc062723c751e8b465ee728b)
Start importing Assets/FungusExamples/TheHunter/Sprites/DeepForest.jpg using Guid(d3b6d7e5887554602baab879da8171d7) Importer(815301076,1909f56bfc062723c751e8b465ee728b)  -> (artifact id: '0ec6c3fce610c5a361ce5d8f759bdd88') in 0.016493 seconds
  Import took 0.020321 seconds .

========================================================================
Received Import Request.
  Time since last request: 0.000211 seconds.
  path: Assets/Fungus/EditorResources/Icons/delete.png
  artifactKey: Guid(d6fc8a97e8a5b0947a49b780f787e504) Importer(815301076,1909f56bfc062723c751e8b465ee728b)
Start importing Assets/Fungus/EditorResources/Icons/delete.png using Guid(d6fc8a97e8a5b0947a49b780f787e504) Importer(815301076,1909f56bfc062723c751e8b465ee728b)  -> (artifact id: 'c1742c1d5acb9b1710fe97e51d63bf13') in 0.005530 seconds
  Import took 0.008835 seconds .

========================================================================
Received Import Request.
  Time since last request: 0.000194 seconds.
  path: Assets/Fungus/Textures/DialogBoxSliced.png
  artifactKey: Guid(e8ab00ef0d9684dcb9deb52811d91218) Importer(815301076,1909f56bfc062723c751e8b465ee728b)
Start importing Assets/Fungus/Textures/DialogBoxSliced.png using Guid(e8ab00ef0d9684dcb9deb52811d91218) Importer(815301076,1909f56bfc062723c751e8b465ee728b)  -> (artifact id: '47017fbc9ceb344878018c6240029eb2') in 0.010791 seconds
  Import took 0.014208 seconds .

========================================================================
Received Import Request.
  Time since last request: 0.000212 seconds.
  path: Assets/FungusExamples/Sherlock/Portraits/Sherlock/confident.png
  artifactKey: Guid(75b6e7c8c9b6b4d40ae30dc671be34b7) Importer(815301076,1909f56bfc062723c751e8b465ee728b)
Start importing Assets/FungusExamples/Sherlock/Portraits/Sherlock/confident.png using Guid(75b6e7c8c9b6b4d40ae30dc671be34b7) Importer(815301076,1909f56bfc062723c751e8b465ee728b)  -> (artifact id: '13665b04bbf5bfcaf518cea54df2a48a') in 0.011639 seconds
  Import took 0.015207 seconds .

========================================================================
Received Import Request.
  Time since last request: 0.000219 seconds.
  path: Assets/FungusExamples/Sherlock/Portraits/Sherlock/deduction.png
  artifactKey: Guid(529a0cc84e8173a4d8f60e222d904cdb) Importer(815301076,1909f56bfc062723c751e8b465ee728b)
Start importing Assets/FungusExamples/Sherlock/Portraits/Sherlock/deduction.png using Guid(529a0cc84e8173a4d8f60e222d904cdb) Importer(815301076,1909f56bfc062723c751e8b465ee728b)  -> (artifact id: '8f56cb62f1212ad532548d42e89f039a') in 0.011735 seconds
  Import took 0.015471 seconds .

========================================================================
Received Import Request.
  Time since last request: 0.698071 seconds.
  path: Assets/FungusExamples/Sherlock/Portraits/Sherlock/disgusted.png
  artifactKey: Guid(ed3f5dd119e6015479f898ab63bab12b) Importer(815301076,1909f56bfc062723c751e8b465ee728b)
Start importing Assets/FungusExamples/Sherlock/Portraits/Sherlock/disgusted.png using Guid(ed3f5dd119e6015479f898ab63bab12b) Importer(815301076,1909f56bfc062723c751e8b465ee728b)  -> (artifact id: '692cfe9ac62d6aaef2e2c0a46414b60e') in 0.012426 seconds
  Import took 0.016491 seconds .

========================================================================
Received Import Request.
  Time since last request: 0.000232 seconds.
  path: Assets/Fungus/EditorResources/Icons/Pro/duplicate.png
  artifactKey: Guid(2f17490d993c84bd7872ef6588ffba47) Importer(815301076,1909f56bfc062723c751e8b465ee728b)
Start importing Assets/Fungus/EditorResources/Icons/Pro/duplicate.png using Guid(2f17490d993c84bd7872ef6588ffba47) Importer(815301076,1909f56bfc062723c751e8b465ee728b)  -> (artifact id: 'b77ec4c4fe144469d8efbf7d2ffc2933') in 0.005786 seconds
  Import took 0.009260 seconds .

========================================================================
Received Import Request.
  Time since last request: 0.000295 seconds.
  path: Assets/Fungus/EditorResources/Icons/down.png
  artifactKey: Guid(51a973f446c2e664582861480cce6215) Importer(815301076,1909f56bfc062723c751e8b465ee728b)
Start importing Assets/Fungus/EditorResources/Icons/down.png using Guid(51a973f446c2e664582861480cce6215) Importer(815301076,1909f56bfc062723c751e8b465ee728b)  -> (artifact id: '0d55a399b4fc071932513f9ec6e270db') in 0.005621 seconds
  Import took 0.009654 seconds .

========================================================================
Received Import Request.
  Time since last request: 0.000265 seconds.
  path: Assets/Fungus/EditorResources/Icons/duplicate.png
  artifactKey: Guid(c97f334c466215a4f93eff31de3c1591) Importer(815301076,1909f56bfc062723c751e8b465ee728b)
Start importing Assets/Fungus/EditorResources/Icons/duplicate.png using Guid(c97f334c466215a4f93eff31de3c1591) Importer(815301076,1909f56bfc062723c751e8b465ee728b)  -> (artifact id: 'ccbd12b7ea391b24527a25a5411d0c4e') in 0.006421 seconds
  Import took 0.009920 seconds .

========================================================================
Received Import Request.
  Time since last request: 0.000220 seconds.
  path: Assets/FungusExamples/Sherlock/Portraits/Sherlock/excited.png
  artifactKey: Guid(7497fd82318972540af8666a234a9685) Importer(815301076,1909f56bfc062723c751e8b465ee728b)
Start importing Assets/FungusExamples/Sherlock/Portraits/Sherlock/excited.png using Guid(7497fd82318972540af8666a234a9685) Importer(815301076,1909f56bfc062723c751e8b465ee728b)  -> (artifact id: '30b94932e595743a4461c53a551a8b8d') in 0.012825 seconds
  Import took 0.016078 seconds .

========================================================================
Received Import Request.
  Time since last request: 0.000212 seconds.
  path: Assets/FungusExamples/Sherlock/Portraits/Sherlock/explaining.png
  artifactKey: Guid(5ba6e5e5e65bc084ba912d2d2d8718df) Importer(815301076,1909f56bfc062723c751e8b465ee728b)
Start importing Assets/FungusExamples/Sherlock/Portraits/Sherlock/explaining.png using Guid(5ba6e5e5e65bc084ba912d2d2d8718df) Importer(815301076,1909f56bfc062723c751e8b465ee728b)  -> (artifact id: '124d9ca485f92ad6b3c66ddba7894d00') in 0.012647 seconds
  Import took 0.016009 seconds .

========================================================================
Received Import Request.
  Time since last request: 0.000220 seconds.
  path: Assets/Fungus/Fonts/Exo2/Exo2-Regular.ttf
  artifactKey: Guid(79197ecfbc3a4294a89ce589dac02cf2) Importer(815301076,1909f56bfc062723c751e8b465ee728b)
Start importing Assets/Fungus/Fonts/Exo2/Exo2-Regular.ttf using Guid(79197ecfbc3a4294a89ce589dac02cf2) Importer(815301076,1909f56bfc062723c751e8b465ee728b)  -> (artifact id: 'ac3c87bdab633d81b433954baf859866') in 0.039750 seconds
  Import took 0.043345 seconds .

========================================================================
Received Import Request.
  Time since last request: 0.000212 seconds.
  path: Assets/Fungus/EditorResources/Icons/Pro/fungus_mushroom.png
  artifactKey: Guid(6368c1c16ebb1694091262337e4f8c44) Importer(815301076,1909f56bfc062723c751e8b465ee728b)
Start importing Assets/Fungus/EditorResources/Icons/Pro/fungus_mushroom.png using Guid(6368c1c16ebb1694091262337e4f8c44) Importer(815301076,1909f56bfc062723c751e8b465ee728b)  -> (artifact id: 'e393c97c6f0f64a1e3287594cd24ba72') in 0.006309 seconds
  Import took 0.009738 seconds .

========================================================================
Received Import Request.
  Time since last request: 0.000215 seconds.
  path: Assets/FungusExamples/FungusTown/Sprites/FungusTown_1.png
  artifactKey: Guid(76a1572c73453431aacb9f1f816e1fed) Importer(815301076,1909f56bfc062723c751e8b465ee728b)
Start importing Assets/FungusExamples/FungusTown/Sprites/FungusTown_1.png using Guid(76a1572c73453431aacb9f1f816e1fed) Importer(815301076,1909f56bfc062723c751e8b465ee728b)  -> (artifact id: 'ba07b34ccbfba4fac4e7dbe39635eeed') in 0.019833 seconds
  Import took 0.023156 seconds .

========================================================================
Received Import Request.
  Time since last request: 0.000213 seconds.
  path: Assets/Fungus/Fonts/Exo2/Exo2-Bold.ttf
  artifactKey: Guid(38fb69338d588b64ea5f2c219db3056b) Importer(815301076,1909f56bfc062723c751e8b465ee728b)
Start importing Assets/Fungus/Fonts/Exo2/Exo2-Bold.ttf using Guid(38fb69338d588b64ea5f2c219db3056b) Importer(815301076,1909f56bfc062723c751e8b465ee728b)  -> (artifact id: 'fb9f9a2607866d2029333596c8869214') in 0.008970 seconds
  Import took 0.012861 seconds .

========================================================================
Received Import Request.
  Time since last request: 0.000213 seconds.
  path: Assets/Fungus/Fonts/Amaranth/Amaranth-Bold.otf
  artifactKey: Guid(64bd3e45f7a714f16b3c213f55f17fea) Importer(815301076,1909f56bfc062723c751e8b465ee728b)
Start importing Assets/Fungus/Fonts/Amaranth/Amaranth-Bold.otf using Guid(64bd3e45f7a714f16b3c213f55f17fea) Importer(815301076,1909f56bfc062723c751e8b465ee728b)  -> (artifact id: 'a9ed12fa3e3f0fecae4ff655fc994e05') in 0.009773 seconds
  Import took 0.013756 seconds .

========================================================================
Received Import Request.
  Time since last request: 0.000226 seconds.
  path: Assets/Fungus/EditorResources/Icons/fungus_mushroom.png
  artifactKey: Guid(1c99c9bf7557e23469ed5dfce00504c0) Importer(815301076,1909f56bfc062723c751e8b465ee728b)
Start importing Assets/Fungus/EditorResources/Icons/fungus_mushroom.png using Guid(1c99c9bf7557e23469ed5dfce00504c0) Importer(815301076,1909f56bfc062723c751e8b465ee728b)  -> (artifact id: 'fb2588ec7f96108b65f4ea1ab4c63f4c') in 0.003479 seconds
  Import took 0.007022 seconds .

========================================================================
Received Import Request.
  Time since last request: 0.000215 seconds.
  path: Assets/FungusExamples/JumpingPrax/Sprites/GreenAlienFlustered.png
  artifactKey: Guid(f2e901e070fff48cda67e3f446d80e79) Importer(815301076,1909f56bfc062723c751e8b465ee728b)
Start importing Assets/FungusExamples/JumpingPrax/Sprites/GreenAlienFlustered.png using Guid(f2e901e070fff48cda67e3f446d80e79) Importer(815301076,1909f56bfc062723c751e8b465ee728b)  -> (artifact id: 'ab0e6ada79d5b5ee8f463788ea0a87fc') in 0.011445 seconds
  Import took 0.014808 seconds .

========================================================================
Received Import Request.
  Time since last request: 0.000238 seconds.
  path: Assets/FungusExamples/Sherlock/Portraits/John/frustrated.png
  artifactKey: Guid(b14a874c86c5f6345ae0f84ec697575f) Importer(815301076,1909f56bfc062723c751e8b465ee728b)
Start importing Assets/FungusExamples/Sherlock/Portraits/John/frustrated.png using Guid(b14a874c86c5f6345ae0f84ec697575f) Importer(815301076,1909f56bfc062723c751e8b465ee728b)  -> (artifact id: '56f6c9343a01be35cd539146619737d5') in 0.011251 seconds
  Import took 0.014820 seconds .

========================================================================
Received Import Request.
  Time since last request: 0.000205 seconds.
  path: Assets/Fungus/Thirdparty/TextMeshPro/Sprites/EmojiOne.png
  artifactKey: Guid(dffef66376be4fa480fb02b19edbe903) Importer(815301076,1909f56bfc062723c751e8b465ee728b)
Start importing Assets/Fungus/Thirdparty/TextMeshPro/Sprites/EmojiOne.png using Guid(dffef66376be4fa480fb02b19edbe903) Importer(815301076,1909f56bfc062723c751e8b465ee728b)  -> (artifact id: 'a14443c59e3fb7515d9c8b85ecb1d704') in 0.009870 seconds
  Import took 0.013599 seconds .

========================================================================
Received Import Request.
  Time since last request: 0.000206 seconds.
  path: Assets/Fungus/Textures/FungusLogo.png
  artifactKey: Guid(1b656a189e6154422a74e05a56c3f245) Importer(815301076,1909f56bfc062723c751e8b465ee728b)
Start importing Assets/Fungus/Textures/FungusLogo.png using Guid(1b656a189e6154422a74e05a56c3f245) Importer(815301076,1909f56bfc062723c751e8b465ee728b)  -> (artifact id: 'fd2bd07dcc0b6b33503a8640a8c216d9') in 0.014941 seconds
  Import took 0.018473 seconds .

========================================================================
Received Import Request.
  Time since last request: 0.000209 seconds.
  path: Assets/Fungus/EditorResources/Icons/Pro/down.png
  artifactKey: Guid(5a87a7d3683164a238377d948572805f) Importer(815301076,1909f56bfc062723c751e8b465ee728b)
Start importing Assets/Fungus/EditorResources/Icons/Pro/down.png using Guid(5a87a7d3683164a238377d948572805f) Importer(815301076,1909f56bfc062723c751e8b465ee728b)  -> (artifact id: '8aaf385dae4324d824602142c52dde62') in 0.005233 seconds
  Import took 0.008782 seconds .

========================================================================
Received Import Request.
  Time since last request: 0.000210 seconds.
  path: Assets/FungusExamples/TheFacility/Fonts/aleo/Aleo-Regular.otf
  artifactKey: Guid(43bce127d27b74a66a29b68d0de90ddb) Importer(815301076,1909f56bfc062723c751e8b465ee728b)
Start importing Assets/FungusExamples/TheFacility/Fonts/aleo/Aleo-Regular.otf using Guid(43bce127d27b74a66a29b68d0de90ddb) Importer(815301076,1909f56bfc062723c751e8b465ee728b)  -> (artifact id: '63605518f7fb487fb607b5eba77e835f') in 0.008466 seconds
  Import took 0.011794 seconds .

========================================================================
Received Import Request.
  Time since last request: 0.000249 seconds.
  path: Assets/FungusExamples/Sherlock/Portraits/John/eyeroll.png
  artifactKey: Guid(a6b4fd71ceffb6e4b9f3272ef8a5c2c3) Importer(815301076,1909f56bfc062723c751e8b465ee728b)
Start importing Assets/FungusExamples/Sherlock/Portraits/John/eyeroll.png using Guid(a6b4fd71ceffb6e4b9f3272ef8a5c2c3) Importer(815301076,1909f56bfc062723c751e8b465ee728b)  -> (artifact id: 'c094db11df51efdca076672bf10e97b4') in 0.012649 seconds
  Import took 0.016316 seconds .

========================================================================
Received Import Request.
  Time since last request: 0.000278 seconds.
  path: Assets/Fungus/Fonts/Amaranth/Amaranth-BoldItalic.otf
  artifactKey: Guid(30083fe2d35a6490b8f1e57e0d830527) Importer(815301076,1909f56bfc062723c751e8b465ee728b)
Start importing Assets/Fungus/Fonts/Amaranth/Amaranth-BoldItalic.otf using Guid(30083fe2d35a6490b8f1e57e0d830527) Importer(815301076,1909f56bfc062723c751e8b465ee728b)  -> (artifact id: '088ca3cddc7af45e5a6cf5289c29d4b7') in 0.008662 seconds
  Import took 0.012179 seconds .

========================================================================
Received Import Request.
  Time since last request: 0.000202 seconds.
  path: Assets/FungusExamples/FungusTown/Sprites/FungusTown_2.png
  artifactKey: Guid(f333ca7fd8eb149dcb68ec768620a88b) Importer(815301076,1909f56bfc062723c751e8b465ee728b)
Start importing Assets/FungusExamples/FungusTown/Sprites/FungusTown_2.png using Guid(f333ca7fd8eb149dcb68ec768620a88b) Importer(815301076,1909f56bfc062723c751e8b465ee728b)  -> (artifact id: '1f2583c5eccbb2ae9baf6ddc69a2697d') in 0.015394 seconds
  Import took 0.018778 seconds .

========================================================================
Received Import Request.
  Time since last request: 0.000206 seconds.
  path: Assets/FungusExamples/FungusTown/Sprites/FungusTown_3.png
  artifactKey: Guid(1bf14d6bc24f540c49d36bec5f86a48a) Importer(815301076,1909f56bfc062723c751e8b465ee728b)
Start importing Assets/FungusExamples/FungusTown/Sprites/FungusTown_3.png using Guid(1bf14d6bc24f540c49d36bec5f86a48a) Importer(815301076,1909f56bfc062723c751e8b465ee728b)  -> (artifact id: '45b89e74634e3ef27e876a5c45da2dc9') in 0.014375 seconds
  Import took 0.017587 seconds .

========================================================================
Received Import Request.
  Time since last request: 0.000239 seconds.
  path: Assets/Fungus/Fonts/Amaranth/Amaranth-Italic.otf
  artifactKey: Guid(b4e86052de8904394807b3f10e18a9f6) Importer(815301076,1909f56bfc062723c751e8b465ee728b)
Start importing Assets/Fungus/Fonts/Amaranth/Amaranth-Italic.otf using Guid(b4e86052de8904394807b3f10e18a9f6) Importer(815301076,1909f56bfc062723c751e8b465ee728b)  -> (artifact id: '65b09d3cbc42647bcde374ead19cf6d2') in 0.007608 seconds
  Import took 0.011446 seconds .

========================================================================
Received Import Request.
  Time since last request: 0.000206 seconds.
  path: Assets/FungusExamples/Sherlock/Portraits/Sherlock/eyeroll.png
  artifactKey: Guid(b9482ea03e69b5a4aa5e7827da354549) Importer(815301076,1909f56bfc062723c751e8b465ee728b)
Start importing Assets/FungusExamples/Sherlock/Portraits/Sherlock/eyeroll.png using Guid(b9482ea03e69b5a4aa5e7827da354549) Importer(815301076,1909f56bfc062723c751e8b465ee728b)  -> (artifact id: 'e3e3e6677b828b65981e69e46b2910b8') in 0.012789 seconds
  Import took 0.016163 seconds .

========================================================================
Received Import Request.
  Time since last request: 0.000199 seconds.
  path: Assets/Fungus/EditorResources/Textures/event_node_on.png
  artifactKey: Guid(9434488a4efb54da5986eba5d5619baf) Importer(815301076,1909f56bfc062723c751e8b465ee728b)
Start importing Assets/Fungus/EditorResources/Textures/event_node_on.png using Guid(9434488a4efb54da5986eba5d5619baf) Importer(815301076,1909f56bfc062723c751e8b465ee728b)  -> (artifact id: '63c318471661808dd76cc0866b360558') in 0.005635 seconds
  Import took 0.008996 seconds .

========================================================================
Received Import Request.
  Time since last request: 0.000194 seconds.
  path: Assets/Fungus/EditorResources/Textures/event_node_off.png
  artifactKey: Guid(0e16a209826864df7b05f6d3901aae7a) Importer(815301076,1909f56bfc062723c751e8b465ee728b)
Start importing Assets/Fungus/EditorResources/Textures/event_node_off.png using Guid(0e16a209826864df7b05f6d3901aae7a) Importer(815301076,1909f56bfc062723c751e8b465ee728b)  -> (artifact id: 'd674163894c43cf8e6b88d7d93c0cb03') in 0.005639 seconds
  Import took 0.009387 seconds .

========================================================================
Received Import Request.
  Time since last request: 0.000195 seconds.
  path: Assets/Fungus/Fonts/Amaranth/Amaranth-Regular.otf
  artifactKey: Guid(bb145366ce7024469a5758b08d31802c) Importer(815301076,1909f56bfc062723c751e8b465ee728b)
Start importing Assets/Fungus/Fonts/Amaranth/Amaranth-Regular.otf using Guid(bb145366ce7024469a5758b08d31802c) Importer(815301076,1909f56bfc062723c751e8b465ee728b)  -> (artifact id: 'd3139f575d5fd1836f6aecea4d122eee') in 0.008906 seconds
  Import took 0.012498 seconds .

========================================================================
Received Import Request.
  Time since last request: 0.000228 seconds.
  path: Assets/FungusExamples/FungusTown/Sprites/FungusLogo.png
  artifactKey: Guid(63bf7975446de4f0887eff3390fbb4ea) Importer(815301076,1909f56bfc062723c751e8b465ee728b)
Start importing Assets/FungusExamples/FungusTown/Sprites/FungusLogo.png using Guid(63bf7975446de4f0887eff3390fbb4ea) Importer(815301076,1909f56bfc062723c751e8b465ee728b)  -> (artifact id: 'fc77f1635948d446b6cee675287a641a') in 0.012744 seconds
  Import took 0.016247 seconds .

========================================================================
Received Prepare
Refreshing native plugins compatible for Editor in 2.73 ms, found 1 plugins.
Preloading 0 native plugins for Editor in 0.00 ms.
Unloading 29 Unused Serialized files (Serialized files now loaded: 0)
System memory in use before: 63.0 MB.
System memory in use after: 62.7 MB.

Unloading 29 unused Assets to reduce memory usage. Loaded Objects now: 3165.
Total: 8.917700 ms (FindLiveObjects: 0.744300 ms CreateObjectMapping: 0.444500 ms MarkObjects: 7.087000 ms  DeleteObjects: 0.638500 ms)

========================================================================
Received Import Request.
  Time since last request: 528.314262 seconds.
  path: Assets/FungusExamples/FungusTown/Materials/WhiteSmoke.jpg
  artifactKey: Guid(543d726c08c194e0394254ffeb6c9514) Importer(815301076,1909f56bfc062723c751e8b465ee728b)
Start importing Assets/FungusExamples/FungusTown/Materials/WhiteSmoke.jpg using Guid(543d726c08c194e0394254ffeb6c9514) Importer(815301076,1909f56bfc062723c751e8b465ee728b)  -> (artifact id: '95c9ca6d1990dcd05fd1ea3c1ff5081b') in 0.013171 seconds
  Import took 0.017358 seconds .

========================================================================
Received Import Request.
  Time since last request: 0.000250 seconds.
  path: Assets/FungusExamples/FungusTown/Materials/WhiteSmoke.mat
  artifactKey: Guid(6691b047f10934720968e9f83cf13ebe) Importer(815301076,1909f56bfc062723c751e8b465ee728b)
Start importing Assets/FungusExamples/FungusTown/Materials/WhiteSmoke.mat using Guid(6691b047f10934720968e9f83cf13ebe) Importer(815301076,1909f56bfc062723c751e8b465ee728b)  -> (artifact id: 'd4fc6539ddd669641fe76d4bd1994b2d') in 0.031462 seconds
  Import took 0.034632 seconds .

========================================================================
Received Import Request.
  Time since last request: 12.202446 seconds.
  path: Assets/FungusExamples/JumpingPrax/Music/PraxMusic.mp3
  artifactKey: Guid(19f33067513db4e9cb3a36d5c984bba7) Importer(815301076,1909f56bfc062723c751e8b465ee728b)
Start importing Assets/FungusExamples/JumpingPrax/Music/PraxMusic.mp3 using Guid(19f33067513db4e9cb3a36d5c984bba7) Importer(815301076,1909f56bfc062723c751e8b465ee728b)  -> (artifact id: 'f968918a1b56a2de1aaf1d0998b2b30a') in 0.315477 seconds
  Import took 0.319350 seconds .

========================================================================
Received Import Request.
  Time since last request: 0.216328 seconds.
  path: Assets/FungusExamples/JumpingPrax/Sprites/GreenAlienSad.png
  artifactKey: Guid(d18d934d212d442ee90406fd28e6eef6) Importer(815301076,1909f56bfc062723c751e8b465ee728b)
Start importing Assets/FungusExamples/JumpingPrax/Sprites/GreenAlienSad.png using Guid(d18d934d212d442ee90406fd28e6eef6) Importer(815301076,1909f56bfc062723c751e8b465ee728b)  -> (artifact id: '459e6837c15ef061b370f069aab1ff14') in 0.010272 seconds
  Import took 0.014364 seconds .

========================================================================
Received Import Request.
  Time since last request: 0.000264 seconds.
  path: Assets/FungusExamples/JumpingPrax/Sprites/SmileyGreenAlienWow.png
  artifactKey: Guid(a3850401348404655bd0352054c28683) Importer(815301076,1909f56bfc062723c751e8b465ee728b)
Start importing Assets/FungusExamples/JumpingPrax/Sprites/SmileyGreenAlienWow.png using Guid(a3850401348404655bd0352054c28683) Importer(815301076,1909f56bfc062723c751e8b465ee728b)  -> (artifact id: '7d0fc10b56138332513080181af3e7be') in 0.011437 seconds
  Import took 0.014667 seconds .

========================================================================
Received Import Request.
  Time since last request: 0.000220 seconds.
  path: Assets/FungusExamples/JumpingPrax/Sprites/SmileyGreenAlienNerdy.png
  artifactKey: Guid(088536216c5364d2ba277595d378c215) Importer(815301076,1909f56bfc062723c751e8b465ee728b)
Start importing Assets/FungusExamples/JumpingPrax/Sprites/SmileyGreenAlienNerdy.png using Guid(088536216c5364d2ba277595d378c215) Importer(815301076,1909f56bfc062723c751e8b465ee728b)  -> (artifact id: 'ebfd2cead86fdf665497f18f4bd2a192') in 0.013727 seconds
  Import took 0.017382 seconds .

========================================================================
Received Import Request.
  Time since last request: 0.000232 seconds.
  path: Assets/FungusExamples/JumpingPrax/Sprites/Switzerland.jpg
  artifactKey: Guid(4cba48f17d83f44828e13c3de6dc3aa1) Importer(815301076,1909f56bfc062723c751e8b465ee728b)
Start importing Assets/FungusExamples/JumpingPrax/Sprites/Switzerland.jpg using Guid(4cba48f17d83f44828e13c3de6dc3aa1) Importer(815301076,1909f56bfc062723c751e8b465ee728b)  -> (artifact id: '440376c23b5c006635e5222a229fd972') in 0.016938 seconds
  Import took 0.020133 seconds .

========================================================================
Received Prepare
Refreshing native plugins compatible for Editor in 2.67 ms, found 1 plugins.
Preloading 0 native plugins for Editor in 0.00 ms.
Unloading 29 Unused Serialized files (Serialized files now loaded: 0)
System memory in use before: 63.2 MB.
System memory in use after: 62.9 MB.

Unloading 29 unused Assets to reduce memory usage. Loaded Objects now: 3175.
Total: 8.686100 ms (FindLiveObjects: 0.520300 ms CreateObjectMapping: 0.316600 ms MarkObjects: 7.190900 ms  DeleteObjects: 0.655800 ms)

AssetImportWorkerClient::OnTransportError - code=2 error=End of file
